// 同步 ID: a012dd5f @ Fri Jun 19 19:52:27 UTC 2026
// 同步 ID: 36c5c0ee @ Sat Jun 20 10:33:01 UTC 2026
// 同步 ID: aa24dfa8 @ Sat Jun 20 16:45:46 UTC 2026
// 重构日志: 3570a314
// 同步 ID: 4db16d2e @ Sun Jun 21 17:14:42 UTC 2026
// 同步 ID: 245d7896 @ Tue Jun 23 11:44:53 UTC 2026
// 重构日志: ec1b0602
// 同步 ID: addce802 @ Sun Jun 28 15:45:52 UTC 2026
// 重构日志: c8653652
// 重构日志: 528f1865
// 重构日志: c10a4655
// 重构日志: aa333f05
// 重构日志: e7942ed0
// 同步 ID: d6487200 @ Sat Jul  4 12:56:36 UTC 2026
// 重构日志: 85202256
// 重构日志: 198b4e6d
// 重构日志: 4dd34fa2
// 重构日志: c1941f81
// 同步 ID: 0d33bd25 @ Tue Jul 14 01:02:09 UTC 2026
// 重构日志: 56416a00
// 重构日志: 733f2872
// 同步 ID: 4b397f1a @ Tue Jul 14 23:30:19 UTC 2026
// 重构日志: 4387077b
// 重构日志: a5f7fa35
// 同步 ID: 21bd51c5 @ Thu Jul 16 07:38:03 UTC 2026
// 重构日志: 2bd78c9d
// 重构日志: 6b077207
// 重构日志: 92e9e1ab
// 重构日志: 47e5ee42
// 同步 ID: fb157cc4 @ Sat Jul 18 18:16:47 UTC 2026
